
10/20/2022 08:35:S PM: INFO: ********************Test_003_Add_Patient******************
10/20/2022 08:36:S PM: INFO: ********************Login Successfull******************
10/20/2022 08:36:S PM: INFO: ********************Home Page******************
10/20/2022 08:36:S PM: INFO: ******************** Reading Patient Information From patient data sheeet******************
10/20/2022 08:36:S PM: INFO: ******************** Providing Patient Information******************
10/20/2022 08:36:S PM: INFO: ********************Search Patient Successsfully******************
10/20/2022 08:37:S PM: INFO: ********************Create Patient Start******************
10/20/2022 08:38:S PM: INFO: ********************Test_003_Add_Patient******************
10/20/2022 08:39:S PM: INFO: ********************Login Successfull******************
10/20/2022 08:39:S PM: INFO: ********************Home Page******************
10/20/2022 08:39:S PM: INFO: ******************** Reading Patient Information From patient data sheeet******************
10/20/2022 08:39:S PM: INFO: ******************** Providing Patient Information******************
10/20/2022 08:39:S PM: INFO: ********************Search Patient Successsfully******************
10/20/2022 08:39:S PM: INFO: ********************Create Patient Start******************
10/20/2022 10:20:S PM: INFO: ********************Test_003_Add_Patient******************
10/20/2022 10:21:S PM: INFO: ********************Login Successfull******************
10/20/2022 10:21:S PM: INFO: ********************Home Page******************
10/20/2022 10:21:S PM: INFO: ******************** Reading Patient Information From patient data sheeet******************
10/20/2022 10:21:S PM: INFO: ******************** Providing Patient Information******************
10/20/2022 10:21:S PM: INFO: ********************Search Patient Successsfully******************
10/20/2022 10:21:S PM: INFO: ********************Create Patient Start******************
10/20/2022 10:21:S PM: INFO: ******************** Providing Patient Information******************
10/20/2022 10:22:S PM: INFO: ********************Test_003_Add_Patient******************
10/20/2022 10:22:S PM: INFO: ********************Login Successfull******************
10/20/2022 10:22:S PM: INFO: ********************Home Page******************
10/20/2022 10:22:S PM: INFO: ******************** Reading Patient Information From patient data sheeet******************
10/20/2022 10:22:S PM: INFO: ******************** Providing Patient Information******************
10/20/2022 10:22:S PM: INFO: ********************Search Patient Successsfully******************
10/20/2022 10:22:S PM: INFO: ********************Create Patient Start******************
10/20/2022 10:22:S PM: INFO: ******************** Providing Patient Information******************
10/20/2022 10:25:S PM: INFO: ********************Test_003_Add_Patient******************
10/20/2022 10:25:S PM: INFO: ********************Login Successfull******************
10/20/2022 10:25:S PM: INFO: ********************Home Page******************
10/20/2022 10:25:S PM: INFO: ******************** Reading Patient Information From patient data sheeet******************
10/20/2022 10:25:S PM: INFO: ******************** Providing Patient Information******************
10/20/2022 10:25:S PM: INFO: ********************Search Patient Successsfully******************
10/20/2022 10:26:S PM: INFO: ********************Create Patient Start******************
10/20/2022 10:29:S PM: INFO: ********************Test_003_Add_Patient******************
10/20/2022 10:29:S PM: INFO: ********************Login Successfull******************
10/20/2022 10:29:S PM: INFO: ********************Home Page******************
10/20/2022 10:29:S PM: INFO: ******************** Reading Patient Information From patient data sheeet******************
10/20/2022 10:29:S PM: INFO: ******************** Providing Patient Information******************
10/20/2022 10:29:S PM: INFO: ********************Search Patient Successsfully******************
10/20/2022 10:29:S PM: INFO: ********************Create Patient Start******************
10/20/2022 10:35:S PM: INFO: ********************Test_003_Add_Patient******************
10/20/2022 10:35:S PM: INFO: ********************Login Successfull******************
10/20/2022 10:35:S PM: INFO: ********************Home Page******************
10/20/2022 10:35:S PM: INFO: ******************** Reading Patient Information From patient data sheeet******************
10/20/2022 10:35:S PM: INFO: ******************** Providing Patient Information******************
10/20/2022 10:35:S PM: INFO: ********************Search Patient Successsfully******************
10/20/2022 10:35:S PM: INFO: ********************Create Patient Start******************
10/20/2022 10:52:S PM: INFO: ********************Test_003_Add_Patient******************
10/20/2022 10:53:S PM: INFO: ********************Login Successfull******************
10/20/2022 10:53:S PM: INFO: ********************Home Page******************
10/20/2022 10:53:S PM: INFO: ******************** Reading Patient Information From patient data sheeet******************
10/20/2022 10:53:S PM: INFO: ******************** Providing Patient Information******************
10/20/2022 10:53:S PM: INFO: ********************Search Patient Successsfully******************
10/20/2022 10:53:S PM: INFO: ********************Create Patient Start******************
10/20/2022 11:00:S PM: INFO: ********************Test_003_Add_Patient******************
10/20/2022 11:00:S PM: INFO: ********************Login Successfull******************
10/20/2022 11:00:S PM: INFO: ********************Home Page******************
10/20/2022 11:01:S PM: INFO: ******************** Reading Patient Information From patient data sheeet******************
10/20/2022 11:01:S PM: INFO: ******************** Providing Patient Information******************
10/20/2022 11:01:S PM: INFO: ********************Search Patient Successsfully******************
10/20/2022 11:01:S PM: INFO: ********************Create Patient Start******************
10/20/2022 11:05:S PM: INFO: ********************Test_003_Add_Patient******************
10/20/2022 11:06:S PM: INFO: ********************Login Successfull******************
10/20/2022 11:06:S PM: INFO: ********************Home Page******************
10/20/2022 11:06:S PM: INFO: ******************** Reading Patient Information From patient data sheeet******************
10/20/2022 11:06:S PM: INFO: ******************** Providing Patient Information******************
10/20/2022 11:06:S PM: INFO: ********************Search Patient Successsfully******************
10/20/2022 11:06:S PM: INFO: ********************Create Patient Start******************
10/20/2022 11:41:S PM: INFO: ********************Test_003_Add_Patient******************
10/20/2022 11:41:S PM: INFO: ********************Login Successfull******************
10/20/2022 11:41:S PM: INFO: ********************Home Page******************
10/20/2022 11:41:S PM: INFO: ******************** Reading Patient Information From patient data sheeet******************
10/20/2022 11:41:S PM: INFO: ******************** Providing Patient Information******************
10/20/2022 11:41:S PM: INFO: ********************Search Patient Successsfully******************
10/20/2022 11:41:S PM: INFO: ********************Create Patient Start******************
10/20/2022 11:42:S PM: INFO: ********************Test_003_Add_Patient******************
10/20/2022 11:42:S PM: INFO: ********************Login Successfull******************
10/20/2022 11:42:S PM: INFO: ********************Home Page******************
10/20/2022 11:43:S PM: INFO: ********************Test_003_Add_Patient******************
10/20/2022 11:43:S PM: INFO: ********************Login Successfull******************
10/20/2022 11:43:S PM: INFO: ********************Home Page******************
10/20/2022 11:44:S PM: INFO: ******************** Reading Patient Information From patient data sheeet******************
10/20/2022 11:44:S PM: INFO: ******************** Providing Patient Information******************
10/20/2022 11:44:S PM: INFO: ********************Search Patient Successsfully******************
10/20/2022 11:44:S PM: INFO: ********************Create Patient Start******************
10/21/2022 12:57:S AM: INFO: ********************Test_003_Add_Patient******************
10/21/2022 12:57:S AM: INFO: ********************Login Successfull******************
10/21/2022 12:57:S AM: INFO: ********************Home Page******************
10/21/2022 12:57:S AM: INFO: ******************** Reading Patient Information From patient data sheeet******************
10/21/2022 12:57:S AM: INFO: ******************** Providing Patient Information******************
10/21/2022 12:57:S AM: INFO: ********************Search Patient Successsfully******************
10/21/2022 12:57:S AM: INFO: ********************Create Patient Start******************
10/21/2022 01:02:S AM: INFO: ********************Test_003_Add_Patient******************
10/21/2022 01:02:S AM: INFO: ********************Login Successfull******************
10/21/2022 01:02:S AM: INFO: ********************Home Page******************
10/21/2022 01:03:S AM: INFO: ******************** Reading Patient Information From patient data sheeet******************
10/21/2022 01:03:S AM: INFO: ******************** Providing Patient Information******************
10/21/2022 01:03:S AM: INFO: ********************Search Patient Successsfully******************
10/21/2022 01:03:S AM: INFO: ********************Create Patient Start******************
10/21/2022 01:04:S AM: INFO: ********************Test_003_Add_Patient******************
10/21/2022 01:04:S AM: INFO: ********************Login Successfull******************
10/21/2022 01:04:S AM: INFO: ********************Home Page******************
10/21/2022 01:04:S AM: INFO: ******************** Reading Patient Information From patient data sheeet******************
10/21/2022 01:04:S AM: INFO: ******************** Providing Patient Information******************
10/21/2022 01:04:S AM: INFO: ********************Search Patient Successsfully******************
10/21/2022 01:04:S AM: INFO: ********************Create Patient Start******************
10/21/2022 01:19:S AM: INFO: ********************Test_003_Add_Patient******************
10/21/2022 01:19:S AM: INFO: ********************Login Successfull******************
10/21/2022 01:19:S AM: INFO: ********************Home Page******************
10/21/2022 01:19:S AM: INFO: ******************** Reading Patient Information From patient data sheeet******************
10/21/2022 01:19:S AM: INFO: ******************** Providing Patient Information******************
10/21/2022 01:19:S AM: INFO: ********************Search Patient Successsfully******************
10/21/2022 01:19:S AM: INFO: ********************Create Patient Start******************
10/21/2022 01:24:S AM: INFO: ********************Test_003_Add_Patient******************
10/21/2022 01:24:S AM: INFO: ********************Login Successfull******************
10/21/2022 01:24:S AM: INFO: ********************Home Page******************
10/21/2022 01:24:S AM: INFO: ******************** Reading Patient Information From patient data sheeet******************
10/21/2022 01:24:S AM: INFO: ******************** Providing Patient Information******************
10/21/2022 01:24:S AM: INFO: ********************Search Patient Successsfully******************
10/21/2022 01:24:S AM: INFO: ********************Create Patient Start******************
10/21/2022 01:25:S AM: INFO: ********************Test_003_Add_Patient******************
10/21/2022 01:25:S AM: INFO: ********************Login Successfull******************
10/21/2022 01:25:S AM: INFO: ********************Home Page******************
10/21/2022 01:25:S AM: INFO: ******************** Reading Patient Information From patient data sheeet******************
10/21/2022 01:25:S AM: INFO: ******************** Providing Patient Information******************
10/21/2022 01:25:S AM: INFO: ********************Search Patient Successsfully******************
10/21/2022 01:25:S AM: INFO: ********************Create Patient Start******************
10/21/2022 01:29:S AM: INFO: ********************Test_003_Add_Patient******************
10/21/2022 01:29:S AM: INFO: ********************Login Successfull******************
10/21/2022 01:29:S AM: INFO: ********************Home Page******************
10/21/2022 01:29:S AM: INFO: ******************** Reading Patient Information From patient data sheeet******************
10/21/2022 01:29:S AM: INFO: ******************** Providing Patient Information******************
10/21/2022 01:29:S AM: INFO: ********************Search Patient Successsfully******************
10/21/2022 01:29:S AM: INFO: ********************Create Patient Start******************
10/21/2022 01:30:S AM: INFO: ********************Test_003_Add_Patient******************
10/21/2022 01:30:S AM: INFO: ********************Login Successfull******************
10/21/2022 01:30:S AM: INFO: ********************Home Page******************
10/21/2022 01:30:S AM: INFO: ******************** Reading Patient Information From patient data sheeet******************
10/21/2022 01:30:S AM: INFO: ******************** Providing Patient Information******************
10/21/2022 01:30:S AM: INFO: ********************Search Patient Successsfully******************
10/21/2022 01:30:S AM: INFO: ********************Create Patient Start******************
10/21/2022 01:33:S AM: INFO: ********************Test_003_Add_Patient******************
10/21/2022 01:33:S AM: INFO: ********************Login Successfull******************
10/21/2022 01:33:S AM: INFO: ********************Home Page******************
10/21/2022 01:33:S AM: INFO: ******************** Reading Patient Information From patient data sheeet******************
10/21/2022 01:33:S AM: INFO: ******************** Providing Patient Information******************
10/21/2022 01:33:S AM: INFO: ********************Search Patient Successsfully******************
10/21/2022 01:33:S AM: INFO: ********************Create Patient Start******************
10/21/2022 01:35:S AM: INFO: ********************Test_003_Add_Patient******************
10/21/2022 01:35:S AM: INFO: ********************Login Successfull******************
10/21/2022 01:35:S AM: INFO: ********************Home Page******************
10/21/2022 01:36:S AM: INFO: ******************** Reading Patient Information From patient data sheeet******************
10/21/2022 01:36:S AM: INFO: ******************** Providing Patient Information******************
10/21/2022 01:36:S AM: INFO: ********************Search Patient Successsfully******************
10/21/2022 01:36:S AM: INFO: ********************Create Patient Start******************
10/21/2022 01:37:S AM: INFO: ********************Test_003_Add_Patient******************
10/21/2022 01:37:S AM: INFO: ********************Login Successfull******************
10/21/2022 01:37:S AM: INFO: ********************Home Page******************
10/21/2022 01:37:S AM: INFO: ******************** Reading Patient Information From patient data sheeet******************
10/21/2022 01:37:S AM: INFO: ******************** Providing Patient Information******************
10/21/2022 01:37:S AM: INFO: ********************Search Patient Successsfully******************
10/21/2022 01:37:S AM: INFO: ********************Create Patient Start******************
10/21/2022 01:44:S AM: INFO: ********************Test_003_Add_Patient******************
10/21/2022 01:44:S AM: INFO: ********************Login Successfull******************
10/21/2022 01:44:S AM: INFO: ********************Home Page******************
10/21/2022 01:44:S AM: INFO: ******************** Reading Patient Information From patient data sheeet******************
10/21/2022 01:44:S AM: INFO: ******************** Providing Patient Information******************
10/21/2022 01:44:S AM: INFO: ********************Search Patient Successsfully******************
10/21/2022 01:44:S AM: INFO: ********************Create Patient Start******************
10/21/2022 01:47:S AM: INFO: ********************Test_003_Add_Patient******************
10/21/2022 01:48:S AM: INFO: ********************Login Successfull******************
10/21/2022 01:48:S AM: INFO: ********************Home Page******************
10/21/2022 01:48:S AM: INFO: ******************** Reading Patient Information From patient data sheeet******************
10/21/2022 01:48:S AM: INFO: ******************** Providing Patient Information******************
10/21/2022 01:48:S AM: INFO: ********************Search Patient Successsfully******************
10/21/2022 01:48:S AM: INFO: ********************Create Patient Start******************
10/21/2022 01:55:S AM: INFO: ********************Test_003_Add_Patient******************
10/21/2022 01:55:S AM: INFO: ********************Login Successfull******************
10/21/2022 01:55:S AM: INFO: ********************Home Page******************
10/21/2022 01:55:S AM: INFO: ******************** Reading Patient Information From patient data sheeet******************
10/21/2022 01:55:S AM: INFO: ******************** Providing Patient Information******************
10/21/2022 01:55:S AM: INFO: ********************Search Patient Successsfully******************
10/21/2022 01:55:S AM: INFO: ********************Create Patient Start******************
10/21/2022 01:59:S AM: INFO: ********************Test_003_Add_Patient******************
10/21/2022 01:59:S AM: INFO: ********************Login Successfull******************
10/21/2022 01:59:S AM: INFO: ********************Home Page******************
10/21/2022 01:59:S AM: INFO: ******************** Reading Patient Information From patient data sheeet******************
10/21/2022 01:59:S AM: INFO: ******************** Providing Patient Information******************
10/21/2022 01:59:S AM: INFO: ********************Search Patient Successsfully******************
10/21/2022 01:59:S AM: INFO: ********************Create Patient Start******************
10/21/2022 09:23:S AM: INFO: ********************Test_003_Add_Patient******************
10/21/2022 09:23:S AM: INFO: ********************Login Successfull******************
10/21/2022 09:23:S AM: INFO: ********************Home Page******************
10/21/2022 09:24:S AM: INFO: ******************** Reading Patient Information From patient data sheeet******************
10/21/2022 09:24:S AM: INFO: ******************** Providing Patient Information******************
10/21/2022 09:24:S AM: INFO: ********************Search Patient Successsfully******************
10/21/2022 09:24:S AM: INFO: ********************Create Patient Start******************
10/21/2022 09:25:S AM: INFO: ********************Test_003_Add_Patient******************
10/21/2022 09:25:S AM: INFO: ********************Login Successfull******************
10/21/2022 09:25:S AM: INFO: ********************Home Page******************
10/21/2022 09:26:S AM: INFO: ******************** Reading Patient Information From patient data sheeet******************
10/21/2022 09:26:S AM: INFO: ******************** Providing Patient Information******************
10/21/2022 09:26:S AM: INFO: ********************Search Patient Successsfully******************
10/21/2022 09:26:S AM: INFO: ********************Create Patient Start******************
